<?xml version="1.0" encoding="UTF-8"?>
<testsuite xmlns:xsi="http://www.w3.org/2001/XMLSchema-instance" xsi:noNamespaceSchemaLocation="https://maven.apache.org/surefire/maven-surefire-plugin/xsd/surefire-test-report-3.0.xsd" version="3.0" name="hello.GreetingControllerTest" time="6.263" tests="1" errors="0" skipped="0" failures="0">
  <properties>
[...]
</properties>
  <testcase name="greetingShouldReturnDefaultMessage" classname="hello.GreetingControllerTest" time="1.996">
    <system-out><![CDATA[00:17:43.285 [main] INFO org.springframework.test.context.support.AnnotationConfigContextLoaderUtils -- Could not detect default configuration classes for test class [hello.GreetingControllerTest]: GreetingControllerTest does not declare any static, non-private, non-final, nested classes annotated with @Configuration.
00:17:43.491 [main] INFO org.springframework.boot.test.context.SpringBootTestContextBootstrapper -- Found @SpringBootConfiguration hello.Application for test class hello.GreetingControllerTest

  .   ____          _            __ _ _
 /\\ / ___'_ __ _ _(_)_ __  __ _ \ \ \ \
( ( )\___ | '_ | '_| | '_ \/ _` | \ \ \ \
 \\/  ___)| |_)| | | | | || (_| |  ) ) ) )
  '  |____| .__|_| |_|_| |_\__, | / / / /
 =========|_|==============|___/=/_/_/_/
 :: Spring Boot ::                (v3.2.0)

2024-01-08T00:17:44.298+01:00  INFO 14456 --- [           main] hello.GreetingControllerTest             : Starting GreetingControllerTest using Java 20 with PID 14456 (started by Acer in C:\Users\Acer\Documents\Magdalena\programming\codecool\portfolio\testingAzure\testAzureApp4\gs-spring-boot-for-azure\complete)
2024-01-08T00:17:44.299+01:00  INFO 14456 --- [           main] hello.GreetingControllerTest             : No active profile set, falling back to 1 default profile: "default"
2024-01-08T00:17:47.160+01:00  INFO 14456 --- [           main] o.s.b.t.m.w.SpringBootMockServletContext : Initializing Spring TestDispatcherServlet ''
2024-01-08T00:17:47.161+01:00  INFO 14456 --- [           main] o.s.t.web.servlet.TestDispatcherServlet  : Initializing Servlet ''
2024-01-08T00:17:47.164+01:00  INFO 14456 --- [           main] o.s.t.web.servlet.TestDispatcherServlet  : Completed initialization in 1 ms
2024-01-08T00:17:47.196+01:00  INFO 14456 --- [           main] hello.GreetingControllerTest             : Started GreetingControllerTest in 3.391 seconds (process running for 5.086)

MockHttpServletRequest:
      HTTP Method = GET
      Request URI = /
       Parameters = {}
          Headers = []
             Body = null
    Session Attrs = {}

Handler:
             Type = hello.GreetingController
           Method = hello.GreetingController#greeting()

Async:
    Async started = false
     Async result = null

Resolved Exception:
             Type = null

ModelAndView:
        View name = null
             View = null
            Model = null

FlashMap:
       Attributes = null

MockHttpServletResponse:
           Status = 200
    Error message = null
          Headers = [Content-Type:"text/plain;charset=UTF-8", Content-Length:"11"]
     Content type = text/plain;charset=UTF-8
             Body = Hello World
    Forwarded URL = null
   Redirected URL = null
          Cookies = []
]]></system-out>
  </testcase>
</testsuite>